<?xml version="1.0" encoding="UTF-8"?>
<!-- Generated by org.testng.reporters.JUnitReportReporter -->
<testsuite skipped="0" hostname="HGDLAPBARRIOSV" name="com.app.addapplicant.Add_Applicant_TestNG" tests="8" failures="0" timestamp="12 oct 2017 17:28:07 GMT" time="61.604" errors="0">
  <testcase name="voipPhoneNumber" time="7.660" classname="com.app.addapplicant.Add_Applicant_TestNG"/>
  <testcase name="landLineNumber" time="7.408" classname="com.app.addapplicant.Add_Applicant_TestNG"/>
  <testcase name="emailUndeliverable" time="7.482" classname="com.app.addapplicant.Add_Applicant_TestNG"/>
  <testcase name="emailFormatNotCorrect" time="7.328" classname="com.app.addapplicant.Add_Applicant_TestNG"/>
  <testcase name="firstNameEmpty" time="7.196" classname="com.app.addapplicant.Add_Applicant_TestNG"/>
  <testcase name="lastNameEmpty" time="7.129" classname="com.app.addapplicant.Add_Applicant_TestNG"/>
  <testcase name="ssnInavlid" time="7.106" classname="com.app.addapplicant.Add_Applicant_TestNG"/>
  <testcase name="addCandidate" time="10.295" classname="com.app.addapplicant.Add_Applicant_TestNG"/>
</testsuite> <!-- com.app.addapplicant.Add_Applicant_TestNG -->
